<?xml version="1.0" encoding="UTF-8"?>
<coverage generated="1747316420391" clover="3.2.0">
  <project timestamp="1747316420391" name="All files">
    <metrics statements="9" coveredstatements="5" conditionals="1" coveredconditionals="0" methods="2" coveredmethods="1" elements="12" coveredelements="6" complexity="0" loc="9" ncloc="9" packages="1" files="1" classes="1"/>
    <file name="index.ts" path="/home/terra/repo/node/websockets-ui/src/ws_server/index.ts">
      <metrics statements="9" coveredstatements="5" conditionals="1" coveredconditionals="0" methods="2" coveredmethods="1"/>
      <line num="3" count="1" type="stmt"/>
      <line num="5" count="1" type="stmt"/>
      <line num="6" count="1" type="stmt"/>
      <line num="8" count="1" type="stmt"/>
      <line num="9" count="0" type="stmt"/>
      <line num="10" count="0" type="cond" truecount="0" falsecount="1"/>
      <line num="11" count="0" type="stmt"/>
      <line num="14" count="0" type="stmt"/>
      <line num="17" count="1" type="stmt"/>
    </file>
  </project>
</coverage>
