{"/home/terra/repo/node/websockets-ui/src/ws_server/index.ts": {"path":"/home/terra/repo/node/websockets-ui/src/ws_server/index.ts","statementMap":{"0":{"start":{"line":3,"column":29},"end":{"line":3,"column":64}},"1":{"start":{"line":5,"column":0},"end":{"line":18,"column":3}},"2":{"start":{"line":6,"column":2},"end":{"line":6,"column":32}},"3":{"start":{"line":8,"column":2},"end":{"line":15,"column":5}},"4":{"start":{"line":9,"column":16},"end":{"line":9,"column":43}},"5":{"start":{"line":10,"column":4},"end":{"line":12,"column":5}},"6":{"start":{"line":11,"column":6},"end":{"line":11,"column":42}},"7":{"start":{"line":14,"column":4},"end":{"line":14,"column":38}},"8":{"start":{"line":17,"column":2},"end":{"line":17,"column":39}}},"fnMap":{"0":{"name":"connection","decl":{"start":{"line":5,"column":30},"end":{"line":5,"column":40}},"loc":{"start":{"line":5,"column":43},"end":{"line":18,"column":1}}},"1":{"name":"message","decl":{"start":{"line":8,"column":28},"end":{"line":8,"column":35}},"loc":{"start":{"line":8,"column":40},"end":{"line":15,"column":3}}}},"branchMap":{"0":{"loc":{"start":{"line":10,"column":4},"end":{"line":12,"column":5}},"type":"if","locations":[{"start":{"line":10,"column":4},"end":{"line":12,"column":5}}]}},"s":{"0":1,"1":1,"2":1,"3":1,"4":0,"5":0,"6":0,"7":0,"8":1},"f":{"0":1,"1":0},"b":{"0":[0]}}
}
